<?xml version="1.0" encoding="UTF-8"?>
<!-- Generated by org.testng.reporters.JUnitReportReporter -->
<testsuite skipped="0" hostname="L-285000932" name="com.wipro.telstra.automationFW.testCases.SearchPageTest" tests="1" failures="0" timestamp="16 Jul 2019 16:37:14 GMT" time="43.433" errors="0">
  <testcase name="searchItems" time="43.433" classname="com.wipro.telstra.automationFW.testCases.SearchPageTest"/>
</testsuite> <!-- com.wipro.telstra.automationFW.testCases.SearchPageTest -->
