<?xml version="1.0" encoding="UTF-8"?>
<!-- Generated by org.testng.reporters.JUnitReportReporter -->
<testsuite skipped="0" hostname="L-285000932" name="com.wipro.telstra.automationFW.testCases.AddToCartPageTest" tests="1" failures="0" timestamp="16 Jul 2019 16:37:14 GMT" time="90.353" errors="0">
  <testcase name="addToCartNew" time="90.353" classname="com.wipro.telstra.automationFW.testCases.AddToCartPageTest"/>
</testsuite> <!-- com.wipro.telstra.automationFW.testCases.AddToCartPageTest -->
