<?xml version="1.0" encoding="UTF-8"?>
<!-- Generated by org.testng.reporters.JUnitReportReporter -->
<testsuite skipped="0" hostname="L-285000932" name="com.wipro.telstra.automationFW.testCases.SearchPage" tests="1" failures="0" timestamp="11 Jul 2019 09:47:16 GMT" time="92.024" errors="0">
  <testcase name="searchCamera" time="92.024" classname="com.wipro.telstra.automationFW.testCases.SearchPage"/>
</testsuite> <!-- com.wipro.telstra.automationFW.testCases.SearchPage -->
