<?xml version="1.0" encoding="UTF-8"?>
<!-- Generated by org.testng.reporters.JUnitReportReporter -->
<testsuite skipped="0" hostname="L-285000932" name="com.wipro.telstra.automationFW.testCases.SettingsRoomAuthorise" tests="1" failures="0" timestamp="09 Jul 2019 05:25:49 GMT" time="51.334" errors="0">
  <testcase name="flipkart" time="51.334" classname="com.wipro.telstra.automationFW.testCases.SettingsRoomAuthorise"/>
</testsuite> <!-- com.wipro.telstra.automationFW.testCases.SettingsRoomAuthorise -->
