<?xml version="1.0" encoding="UTF-8"?>
<!-- Generated by org.testng.reporters.JUnitReportReporter -->
<testsuite skipped="0" hostname="L-285000932" name="com.wipro.telstra.automationFW.testCases.LoginPageTest" tests="1" failures="0" timestamp="12 Jul 2019 14:51:30 GMT" time="111.923" errors="0">
  <testcase name="login" time="111.923" classname="com.wipro.telstra.automationFW.testCases.LoginPageTest"/>
</testsuite> <!-- com.wipro.telstra.automationFW.testCases.LoginPageTest -->
